#
# There is insufficient memory for the Java Runtime Environment to continue.
# Native memory allocation (mmap) failed to map 22544384 bytes for committing reserved memory.
# Possible reasons:
#   The system is out of physical RAM or swap space
#   In 32 bit mode, the process size limit was hit
# Possible solutions:
#   Reduce memory load on the system
#   Increase physical memory or swap space
#   Check if swap backing store is full
#   Use 64 bit Java on a 64 bit OS
#   Decrease Java heap size (-Xmx/-Xms)
#   Decrease number of Java threads
#   Decrease Java thread stack sizes (-Xss)
#   Set larger code cache with -XX:ReservedCodeCacheSize=
# This output file may be truncated or incomplete.
#
#  Out of Memory Error (os_linux.cpp:2671), pid=4077, tid=140169305073408
#
# JRE version:  (8.0_25-b17) (build )
# Java VM: Java HotSpot(TM) 64-Bit Server VM (25.25-b02 mixed mode linux-amd64 compressed oops)
# Failed to write core dump. Core dumps have been disabled. To enable core dumping, try "ulimit -c unlimited" before starting Java again
#

---------------  T H R E A D  ---------------

Current thread (0x00007f7bac007800):  JavaThread "Unknown thread" [_thread_in_vm, id=4081, stack(0x00007f7bb5932000,0x00007f7bb5a33000)]

Stack: [0x00007f7bb5932000,0x00007f7bb5a33000],  sp=0x00007f7bb5a313f0,  free space=1020k
Native frames: (J=compiled Java code, j=interpreted, Vv=VM code, C=native code)
V  [libjvm.so+0xa7923a]  VMError::report_and_die()+0x2ca
V  [libjvm.so+0x4e552b]  report_vm_out_of_memory(char const*, int, unsigned long, VMErrorType, char const*)+0x8b
V  [libjvm.so+0x8e5613]  os::Linux::commit_memory_impl(char*, unsigned long, bool)+0x103
V  [libjvm.so+0x8e5b69]  os::pd_commit_memory(char*, unsigned long, unsigned long, bool)+0x29
V  [libjvm.so+0x8df83a]  os::commit_memory(char*, unsigned long, unsigned long, bool)+0x2a
V  [libjvm.so+0x94f923]  PSVirtualSpace::expand_by(unsigned long)+0x53
V  [libjvm.so+0x93fe99]  PSOldGen::initialize(ReservedSpace, unsigned long, char const*, int)+0xb9
V  [libjvm.so+0x2d2856]  AdjoiningGenerations::AdjoiningGenerations(ReservedSpace, GenerationSizer*, unsigned long)+0x3a6
V  [libjvm.so+0x906f2e]  ParallelScavengeHeap::initialize()+0x1ae
V  [libjvm.so+0xa4528d]  Universe::initialize_heap()+0xfd
V  [libjvm.so+0xa456af]  universe_init()+0x3f
V  [libjvm.so+0x612435]  init_globals()+0x65
V  [libjvm.so+0xa2b25d]  Threads::create_vm(JavaVMInitArgs*, bool*)+0x24d
V  [libjvm.so+0x6a9704]  JNI_CreateJavaVM+0x74
C  [libjli.so+0x736e]  JavaMain+0x9e
C  [libpthread.so.0+0x8182]  start_thread+0xc2


---------------  P R O C E S S  ---------------

Java Threads: ( => current thread )

Other Threads:

=>0x00007f7bac007800 (exited) JavaThread "Unknown thread" [_thread_in_vm, id=4081, stack(0x00007f7bb5932000,0x00007f7bb5a33000)]

VM state:not at safepoint (not fully initialized)

VM Mutex/Monitor currently owned by a thread: None

GC Heap History (0 events):
No events

Deoptimization events (0 events):
No events

Internal exceptions (0 events):
No events

Events (0 events):
No events


Dynamic libraries:
00400000-00401000 r-xp 00000000 08:01 13633460                           /usr/lib/jvm/java-8-oracle/bin/java
00600000-00601000 rw-p 00000000 08:01 13633460                           /usr/lib/jvm/java-8-oracle/bin/java
01a4d000-01a6e000 rw-p 00000000 00:00 0                                  [heap]
e1f80000-f5900000 ---p 00000000 00:00 0 
f5900000-f6380000 rw-p 00000000 00:00 0 
f6380000-100000000 ---p 00000000 00:00 0 
7f7b9d000000-7f7b9d270000 rwxp 00000000 00:00 0 
7f7b9d270000-7f7bac000000 ---p 00000000 00:00 0 
7f7bac000000-7f7bac02f000 rw-p 00000000 00:00 0 
7f7bac02f000-7f7bb0000000 ---p 00000000 00:00 0 
7f7bb2c26000-7f7bb2e9b000 rw-p 00000000 00:00 0 
7f7bb2e9b000-7f7bb2f42000 ---p 00000000 00:00 0 
7f7bb2f42000-7f7bb2f48000 rw-p 00000000 00:00 0 
7f7bb2f48000-7f7bb2f96000 ---p 00000000 00:00 0 
7f7bb2f96000-7f7bb2fa1000 rw-p 00000000 00:00 0 
7f7bb2fa1000-7f7bb3357000 ---p 00000000 00:00 0 
7f7bb3357000-7f7bb3371000 r-xp 00000000 08:01 13633358                   /usr/lib/jvm/java-8-oracle/jre/lib/amd64/libzip.so
7f7bb3371000-7f7bb3571000 ---p 0001a000 08:01 13633358                   /usr/lib/jvm/java-8-oracle/jre/lib/amd64/libzip.so
7f7bb3571000-7f7bb3572000 rw-p 0001a000 08:01 13633358                   /usr/lib/jvm/java-8-oracle/jre/lib/amd64/libzip.so
7f7bb3572000-7f7bb359c000 r-xp 00000000 08:01 13633368                   /usr/lib/jvm/java-8-oracle/jre/lib/amd64/libjava.so
7f7bb359c000-7f7bb379c000 ---p 0002a000 08:01 13633368                   /usr/lib/jvm/java-8-oracle/jre/lib/amd64/libjava.so
7f7bb379c000-7f7bb379e000 rw-p 0002a000 08:01 13633368                   /usr/lib/jvm/java-8-oracle/jre/lib/amd64/libjava.so
7f7bb379e000-7f7bb37ab000 r-xp 00000000 08:01 13633383                   /usr/lib/jvm/java-8-oracle/jre/lib/amd64/libverify.so
7f7bb37ab000-7f7bb39ab000 ---p 0000d000 08:01 13633383                   /usr/lib/jvm/java-8-oracle/jre/lib/amd64/libverify.so
7f7bb39ab000-7f7bb39ad000 rw-p 0000d000 08:01 13633383                   /usr/lib/jvm/java-8-oracle/jre/lib/amd64/libverify.so
7f7bb39ad000-7f7bb39b4000 r-xp 00000000 08:01 6554652                    /lib/x86_64-linux-gnu/librt-2.19.so
7f7bb39b4000-7f7bb3bb3000 ---p 00007000 08:01 6554652                    /lib/x86_64-linux-gnu/librt-2.19.so
7f7bb3bb3000-7f7bb3bb4000 r--p 00006000 08:01 6554652                    /lib/x86_64-linux-gnu/librt-2.19.so
7f7bb3bb4000-7f7bb3bb5000 rw-p 00007000 08:01 6554652                    /lib/x86_64-linux-gnu/librt-2.19.so
7f7bb3bb5000-7f7bb3cba000 r-xp 00000000 08:01 6554590                    /lib/x86_64-linux-gnu/libm-2.19.so
7f7bb3cba000-7f7bb3eb9000 ---p 00105000 08:01 6554590                    /lib/x86_64-linux-gnu/libm-2.19.so
7f7bb3eb9000-7f7bb3eba000 r--p 00104000 08:01 6554590                    /lib/x86_64-linux-gnu/libm-2.19.so
7f7bb3eba000-7f7bb3ebb000 rw-p 00105000 08:01 6554590                    /lib/x86_64-linux-gnu/libm-2.19.so
7f7bb3ebb000-7f7bb4b28000 r-xp 00000000 08:01 13633399                   /usr/lib/jvm/java-8-oracle/jre/lib/amd64/server/libjvm.so
7f7bb4b28000-7f7bb4d27000 ---p 00c6d000 08:01 13633399                   /usr/lib/jvm/java-8-oracle/jre/lib/amd64/server/libjvm.so
7f7bb4d27000-7f7bb4dfd000 rw-p 00c6c000 08:01 13633399                   /usr/lib/jvm/java-8-oracle/jre/lib/amd64/server/libjvm.so
7f7bb4dfd000-7f7bb4e40000 rw-p 00000000 00:00 0 
7f7bb4e40000-7f7bb4ffb000 r-xp 00000000 08:01 6554642                    /lib/x86_64-linux-gnu/libc-2.19.so
7f7bb4ffb000-7f7bb51fb000 ---p 001bb000 08:01 6554642                    /lib/x86_64-linux-gnu/libc-2.19.so
7f7bb51fb000-7f7bb51ff000 r--p 001bb000 08:01 6554642                    /lib/x86_64-linux-gnu/libc-2.19.so
7f7bb51ff000-7f7bb5201000 rw-p 001bf000 08:01 6554642                    /lib/x86_64-linux-gnu/libc-2.19.so
7f7bb5201000-7f7bb5206000 rw-p 00000000 00:00 0 
7f7bb5206000-7f7bb5209000 r-xp 00000000 08:01 6554615                    /lib/x86_64-linux-gnu/libdl-2.19.so
7f7bb5209000-7f7bb5408000 ---p 00003000 08:01 6554615                    /lib/x86_64-linux-gnu/libdl-2.19.so
7f7bb5408000-7f7bb5409000 r--p 00002000 08:01 6554615                    /lib/x86_64-linux-gnu/libdl-2.19.so
7f7bb5409000-7f7bb540a000 rw-p 00003000 08:01 6554615                    /lib/x86_64-linux-gnu/libdl-2.19.so
7f7bb540a000-7f7bb541f000 r-xp 00000000 08:01 10885127                   /usr/lib/jvm/java-8-oracle/lib/amd64/jli/libjli.so
7f7bb541f000-7f7bb561e000 ---p 00015000 08:01 10885127                   /usr/lib/jvm/java-8-oracle/lib/amd64/jli/libjli.so
7f7bb561e000-7f7bb561f000 rw-p 00014000 08:01 10885127                   /usr/lib/jvm/java-8-oracle/lib/amd64/jli/libjli.so
7f7bb561f000-7f7bb5638000 r-xp 00000000 08:01 6554599                    /lib/x86_64-linux-gnu/libpthread-2.19.so
7f7bb5638000-7f7bb5837000 ---p 00019000 08:01 6554599                    /lib/x86_64-linux-gnu/libpthread-2.19.so
7f7bb5837000-7f7bb5838000 r--p 00018000 08:01 6554599                    /lib/x86_64-linux-gnu/libpthread-2.19.so
7f7bb5838000-7f7bb5839000 rw-p 00019000 08:01 6554599                    /lib/x86_64-linux-gnu/libpthread-2.19.so
7f7bb5839000-7f7bb583d000 rw-p 00000000 00:00 0 
7f7bb583d000-7f7bb5860000 r-xp 00000000 08:01 6554622                    /lib/x86_64-linux-gnu/ld-2.19.so
7f7bb58fd000-7f7bb5932000 r--s 00000000 08:01 8665806                    /var/cache/nscd/passwd
7f7bb5932000-7f7bb5935000 ---p 00000000 00:00 0 
7f7bb5935000-7f7bb5a37000 rw-p 00000000 00:00 0                          [stack:4081]
7f7bb5a50000-7f7bb5a53000 rw-p 00000000 00:00 0 
7f7bb5a53000-7f7bb5a5b000 rw-s 00000000 08:01 2625507                    /tmp/hsperfdata_a1656899/4077
7f7bb5a5b000-7f7bb5a5c000 rw-p 00000000 00:00 0 
7f7bb5a5c000-7f7bb5a5d000 r--p 00000000 00:00 0 
7f7bb5a5d000-7f7bb5a5f000 rw-p 00000000 00:00 0 
7f7bb5a5f000-7f7bb5a60000 r--p 00022000 08:01 6554622                    /lib/x86_64-linux-gnu/ld-2.19.so
7f7bb5a60000-7f7bb5a61000 rw-p 00023000 08:01 6554622                    /lib/x86_64-linux-gnu/ld-2.19.so
7f7bb5a61000-7f7bb5a62000 rw-p 00000000 00:00 0 
7fffc56a8000-7fffc56c9000 rw-p 00000000 00:00 0                          [stack]
7fffc5781000-7fffc5783000 r-xp 00000000 00:00 0                          [vdso]
ffffffffff600000-ffffffffff601000 r-xp 00000000 00:00 0                  [vsyscall]

VM Arguments:
java_command: Avaliacao4
java_class_path (initial): /home/todos/alunos/ct/a1656899/NetBeansProjects/fp2-avaliacao4-2015-1/target/classes
Launcher Type: SUN_STANDARD

Environment Variables:
JAVA_HOME=/usr/lib/jvm/java-8-oracle
PATH=/usr/local/sbin:/usr/local/bin:/usr/sbin:/usr/bin:/sbin:/bin:/usr/games:/usr/local/games:/usr/lib/jvm/java-8-oracle/bin:/usr/lib/jvm/java-8-oracle/db/bin:/usr/lib/jvm/java-8-oracle/jre/bin
USERNAME=a1656899
LD_LIBRARY_PATH=/usr/lib/jvm/java-8-oracle/jre/lib/amd64:/usr/lib/jvm/java-8-oracle/jre/lib/i386:
SHELL=/bin/bash
DISPLAY=:0.0

Signal Handlers:
SIGSEGV: [libjvm.so+0xa79a80], sa_mask[0]=11111111011111111101111111111110, sa_flags=SA_RESTART|SA_SIGINFO
SIGBUS: [libjvm.so+0xa79a80], sa_mask[0]=11111111011111111101111111111110, sa_flags=SA_RESTART|SA_SIGINFO
SIGFPE: [libjvm.so+0x8e24e0], sa_mask[0]=11111111011111111101111111111110, sa_flags=SA_RESTART|SA_SIGINFO
SIGPIPE: [libjvm.so+0x8e24e0], sa_mask[0]=11111111011111111101111111111110, sa_flags=SA_RESTART|SA_SIGINFO
SIGXFSZ: [libjvm.so+0x8e24e0], sa_mask[0]=11111111011111111101111111111110, sa_flags=SA_RESTART|SA_SIGINFO
SIGILL: [libjvm.so+0x8e24e0], sa_mask[0]=11111111011111111101111111111110, sa_flags=SA_RESTART|SA_SIGINFO
SIGUSR1: SIG_DFL, sa_mask[0]=00000000000000000000000000000000, sa_flags=none
SIGUSR2: [libjvm.so+0x8e3d10], sa_mask[0]=00100000000000000000000000000000, sa_flags=SA_RESTART|SA_SIGINFO
SIGHUP: SIG_DFL, sa_mask[0]=00000000000000000000000000000000, sa_flags=none
SIGINT: SIG_IGN, sa_mask[0]=00000000000000000000000000000000, sa_flags=none
SIGTERM: SIG_DFL, sa_mask[0]=00000000000000000000000000000000, sa_flags=none
SIGQUIT: SIG_DFL, sa_mask[0]=00000000000000000000000000000000, sa_flags=none


---------------  S Y S T E M  ---------------

OS:DISTRIB_ID=LinuxMint
DISTRIB_RELEASE=17.1
DISTRIB_CODENAME=rebecca
DISTRIB_DESCRIPTION="Linux Mint 17.1 Rebecca"

uname:Linux 3.13.0-37-generic #64-Ubuntu SMP Mon Sep 22 21:28:38 UTC 2014 x86_64
libc:glibc 2.19 NPTL 2.19 
rlimit: STACK 8192k, CORE 0k, NPROC 15764, NOFILE 4096, AS infinity
load average:1.44 0.78 0.69

/proc/meminfo:
MemTotal:        2048600 kB
MemFree:           74876 kB
Buffers:             160 kB
Cached:            39060 kB
SwapCached:            0 kB
Active:          1798620 kB
Inactive:          34620 kB
Active(anon):    1795288 kB
Inactive(anon):    30348 kB
Active(file):       3332 kB
Inactive(file):     4272 kB
Unevictable:           0 kB
Mlocked:               0 kB
SwapTotal:             0 kB
SwapFree:              0 kB
Dirty:               276 kB
Writeback:             0 kB
AnonPages:       1794228 kB
Mapped:            58180 kB
Shmem:             31408 kB
Slab:              42424 kB
SReclaimable:      18188 kB
SUnreclaim:        24236 kB
KernelStack:        4376 kB
PageTables:        28068 kB
NFS_Unstable:          0 kB
Bounce:                0 kB
WritebackTmp:          0 kB
CommitLimit:     1024300 kB
Committed_AS:    4452848 kB
VmallocTotal:   34359738367 kB
VmallocUsed:      302712 kB
VmallocChunk:   34359429116 kB
HardwareCorrupted:     0 kB
AnonHugePages:    550912 kB
HugePages_Total:       0
HugePages_Free:        0
HugePages_Rsvd:        0
HugePages_Surp:        0
Hugepagesize:       2048 kB
DirectMap4k:      105344 kB
DirectMap2M:     1990656 kB


CPU:total 2 (2 cores per cpu, 1 threads per core) family 6 model 23 stepping 10, cmov, cx8, fxsr, mmx, sse, sse2, sse3, ssse3, sse4.1, tsc

/proc/cpuinfo:
processor	: 0
vendor_id	: GenuineIntel
cpu family	: 6
model		: 23
model name	: Intel(R) Core(TM)2 Duo CPU     E8400  @ 3.00GHz
stepping	: 10
microcode	: 0xa07
cpu MHz		: 2667.000
cache size	: 6144 KB
physical id	: 0
siblings	: 2
core id		: 0
cpu cores	: 2
apicid		: 0
initial apicid	: 0
fpu		: yes
fpu_exception	: yes
cpuid level	: 13
wp		: yes
flags		: fpu vme de pse tsc msr pae mce cx8 apic sep mtrr pge mca cmov pat pse36 clflush dts acpi mmx fxsr sse sse2 ss ht tm pbe syscall nx lm constant_tsc arch_perfmon pebs bts rep_good nopl aperfmperf pni dtes64 monitor ds_cpl vmx smx est tm2 ssse3 cx16 xtpr pdcm sse4_1 xsave lahf_lm dtherm tpr_shadow vnmi flexpriority
bogomips	: 6000.42
clflush size	: 64
cache_alignment	: 64
address sizes	: 36 bits physical, 48 bits virtual
power management:

processor	: 1
vendor_id	: GenuineIntel
cpu family	: 6
model		: 23
model name	: Intel(R) Core(TM)2 Duo CPU     E8400  @ 3.00GHz
stepping	: 10
microcode	: 0xa07
cpu MHz		: 2667.000
cache size	: 6144 KB
physical id	: 0
siblings	: 2
core id		: 1
cpu cores	: 2
apicid		: 1
initial apicid	: 1
fpu		: yes
fpu_exception	: yes
cpuid level	: 13
wp		: yes
flags		: fpu vme de pse tsc msr pae mce cx8 apic sep mtrr pge mca cmov pat pse36 clflush dts acpi mmx fxsr sse sse2 ss ht tm pbe syscall nx lm constant_tsc arch_perfmon pebs bts rep_good nopl aperfmperf pni dtes64 monitor ds_cpl vmx smx est tm2 ssse3 cx16 xtpr pdcm sse4_1 xsave lahf_lm dtherm tpr_shadow vnmi flexpriority
bogomips	: 6000.42
clflush size	: 64
cache_alignment	: 64
address sizes	: 36 bits physical, 48 bits virtual
power management:



Memory: 4k page, physical 2048600k(72692k free), swap 0k(0k free)

vm_info: Java HotSpot(TM) 64-Bit Server VM (25.25-b02) for linux-amd64 JRE (1.8.0_25-b17), built on Sep 17 2014 17:32:11 by "java_re" with gcc 4.3.0 20080428 (Red Hat 4.3.0-8)

time: Tue Jul 21 11:07:05 2015
elapsed time: 9 seconds (0d 0h 0m 9s)

